2025-11-10 00:03:02 [INFO] fileconverter - Received file 'CAR_MagIn.mkv' saved as 'D:\Programming\Projects\FileConvertor\app\..\uploads\6560deb9-d018-4e96-875f-9b65bfbda266_CAR_MagIn.mkv'
2025-11-10 00:03:02 [INFO] fileconverter - Converted 'CAR_MagIn.mkv' to 'mp3' successfully
2025-11-10 00:03:29 [INFO] fileconverter - Received file 'CAR_MagIn.mkv' saved as 'D:\Programming\Projects\FileConvertor\app\..\uploads\1ab92fd9-2e35-4107-b7b8-f3bda41dfb67_CAR_MagIn.mkv'
2025-11-10 00:03:29 [INFO] fileconverter - Converted 'CAR_MagIn.mkv' to 'wav' successfully
2025-11-10 01:12:18 [INFO] fileconverter - Received file 'CAR_MagIn.mkv' saved as 'D:\Programming\Projects\FileConvertor\app\..\uploads\1dc9541f-cb56-4921-b88e-cf24159dddb2_CAR_MagIn.mkv'
2025-11-10 01:12:19 [INFO] fileconverter - Converted 'CAR_MagIn.mkv' to 'mp3' successfully
2025-11-10 01:12:23 [INFO] fileconverter - Received file 'CAR_MagIn.mkv' saved as 'D:\Programming\Projects\FileConvertor\app\..\uploads\1b8763a3-b28e-463b-bc31-2d096659f41b_CAR_MagIn.mkv'
2025-11-10 01:12:23 [INFO] fileconverter - Converted 'CAR_MagIn.mkv' to 'mp3' successfully
2025-11-10 01:12:25 [INFO] fileconverter - Received file 'CAR_MagIn.mkv' saved as 'D:\Programming\Projects\FileConvertor\app\..\uploads\1da9b31e-7daa-4400-853d-7df4355ca2db_CAR_MagIn.mkv'
2025-11-10 01:12:25 [INFO] fileconverter - Converted 'CAR_MagIn.mkv' to 'mp3' successfully
2025-11-10 01:12:28 [INFO] fileconverter - Received file 'MDG_ShootingSounds.mkv' saved as 'D:\Programming\Projects\FileConvertor\app\..\uploads\ce11ab98-fce4-4885-b9d2-9e4f4d3bedeb_MDG_ShootingSounds.mkv'
2025-11-10 01:12:28 [INFO] fileconverter - Converted 'MDG_ShootingSounds.mkv' to 'mp3' successfully
2025-11-10 01:12:29 [INFO] fileconverter - Received file 'MDG_ShootingSounds.mkv' saved as 'D:\Programming\Projects\FileConvertor\app\..\uploads\f7830770-e88b-462b-ad8f-d5b9825442d9_MDG_ShootingSounds.mkv'
2025-11-10 01:12:29 [INFO] fileconverter - Converted 'MDG_ShootingSounds.mkv' to 'mp3' successfully
2025-11-10 01:12:30 [INFO] fileconverter - Received file 'MDG_ShootingSounds.mkv' saved as 'D:\Programming\Projects\FileConvertor\app\..\uploads\160b9a4a-a9fe-40e6-93ae-e885d5817dc6_MDG_ShootingSounds.mkv'
2025-11-10 01:12:30 [INFO] fileconverter - Converted 'MDG_ShootingSounds.mkv' to 'mp3' successfully
2025-11-10 01:12:30 [INFO] fileconverter - Received file 'MDG_ShootingSounds.mkv' saved as 'D:\Programming\Projects\FileConvertor\app\..\uploads\22d8dd4b-88a9-4f10-9f59-56bf694ab253_MDG_ShootingSounds.mkv'
2025-11-10 01:12:30 [INFO] fileconverter - Converted 'MDG_ShootingSounds.mkv' to 'mp3' successfully
2025-11-10 01:18:22 [INFO] fileconverter - Next cleanup scheduled at 2025-11-10 02:00:00 (in 0.7 hours)
2025-11-10 01:18:33 [INFO] fileconverter - Next cleanup scheduled at 2025-11-10 02:00:00 (in 0.7 hours)
2025-11-10 01:19:36 [INFO] fileconverter - Next cleanup scheduled at 2025-11-10 02:00:00 (in 0.7 hours)
2025-11-10 01:21:24 [INFO] fileconverter - Next cleanup scheduled at 2025-11-10 02:00:00 (in 0.6 hours)
2025-11-10 01:21:47 [INFO] fileconverter - Starting FileConvertor API...
2025-11-10 01:21:47 [INFO] fileconverter - Starting daily cleanup scheduler...
2025-11-10 01:21:47 [INFO] fileconverter - Next cleanup scheduled at 2025-11-10 02:00:00 (in 0.6 hours)
2025-11-10 01:21:58 [INFO] fileconverter - Starting FileConvertor API...
2025-11-10 01:21:58 [INFO] fileconverter - Starting daily cleanup scheduler...
2025-11-10 01:21:58 [INFO] fileconverter - Next cleanup scheduled at 2025-11-10 02:00:00 (in 0.6 hours)
2025-11-10 01:22:16 [INFO] fileconverter - Starting FileConvertor API...
2025-11-10 01:22:16 [INFO] fileconverter - Starting daily cleanup scheduler...
2025-11-10 01:22:16 [INFO] fileconverter - Next cleanup scheduled at 2025-11-10 02:00:00 (in 0.6 hours)
2025-11-10 01:23:25 [INFO] fileconverter - Starting FileConvertor API...
2025-11-10 01:23:25 [INFO] fileconverter - Starting daily cleanup scheduler...
2025-11-10 01:23:25 [INFO] fileconverter - Next cleanup scheduled at 2025-11-10 02:00:00 (in 0.6 hours)
2025-11-10 01:23:30 [INFO] fileconverter - Starting FileConvertor API...
2025-11-10 01:23:30 [INFO] fileconverter - Starting daily cleanup scheduler...
2025-11-10 01:23:30 [INFO] fileconverter - Next cleanup scheduled at 2025-11-10 02:00:00 (in 0.6 hours)
2025-11-10 01:23:36 [INFO] fileconverter - Starting FileConvertor API...
2025-11-10 01:23:36 [INFO] fileconverter - Starting daily cleanup scheduler...
2025-11-10 01:23:36 [INFO] fileconverter - Next cleanup scheduled at 2025-11-10 02:00:00 (in 0.6 hours)
2025-11-10 01:23:44 [INFO] fileconverter - Starting FileConvertor API...
2025-11-10 01:23:44 [INFO] fileconverter - Starting daily cleanup scheduler...
2025-11-10 01:23:44 [INFO] fileconverter - Next cleanup scheduled at 2025-11-10 02:00:00 (in 0.6 hours)
2025-11-10 01:23:46 [INFO] fileconverter - Starting FileConvertor API...
2025-11-10 01:23:46 [INFO] fileconverter - Starting daily cleanup scheduler...
2025-11-10 01:23:46 [INFO] fileconverter - Next cleanup scheduled at 2025-11-10 02:00:00 (in 0.6 hours)
2025-11-10 01:23:51 [INFO] fileconverter - Starting FileConvertor API...
2025-11-10 01:23:51 [INFO] fileconverter - Starting daily cleanup scheduler...
2025-11-10 01:23:51 [INFO] fileconverter - Next cleanup scheduled at 2025-11-10 02:00:00 (in 0.6 hours)
2025-11-10 01:23:53 [INFO] fileconverter - Starting FileConvertor API...
2025-11-10 01:23:53 [INFO] fileconverter - Starting daily cleanup scheduler...
2025-11-10 01:23:53 [INFO] fileconverter - Next cleanup scheduled at 2025-11-10 02:00:00 (in 0.6 hours)
2025-11-10 01:26:50 [INFO] __main__ - FileConvertor Database Initialization
2025-11-10 01:26:50 [INFO] __main__ - Database path: D:\Programming\Projects\FileConvertor\database.db
2025-11-10 01:27:05 [INFO] __main__ - Removing existing database: database.db
2025-11-10 01:27:05 [INFO] __main__ - Creating database...
2025-11-10 01:27:05 [INFO] __main__ - Database created successfully
2025-11-10 01:27:05 [INFO] __main__ - Adding test API keys...
2025-11-10 01:27:05 [INFO] __main__ - Added: sk_test_12345 - Test key for development
2025-11-10 01:27:05 [INFO] __main__ - Added: sk_prod_67890 - Production-like key with limits
2025-11-10 01:27:05 [INFO] __main__ - Added: sk_admin_99999 - Admin key with high limits
2025-11-10 01:27:05 [INFO] __main__ - Current API keys in database:
2025-11-10 01:27:05 [INFO] __main__ - Database initialization complete!
2025-11-10 01:30:02 [INFO] fileconverter - Starting FileConvertor API...
2025-11-10 01:30:02 [INFO] fileconverter - Starting daily cleanup scheduler...
2025-11-10 01:30:02 [INFO] fileconverter - Next cleanup scheduled at 2025-11-10 02:00:00 (in 0.5 hours)
2025-11-10 01:31:01 [INFO] fileconverter - Received file 'OGP_SlideRelease.mkv' saved as 'D:\Programming\Projects\FileConvertor\app\..\uploads\df274c78-938f-4100-95cf-a9c3e1001471_OGP_SlideRelease.mkv'
2025-11-10 01:31:01 [INFO] fileconverter - Converted 'OGP_SlideRelease.mkv' to 'mp3' successfully
